  main.cpp
d:\github\analogwatch\analogwatch\analogwatch\main.cpp(49): warning C4244: '=': 'int'에서 'float'(으)로 변환하면서 데이터가 손실될 수 있습니다.
d:\github\analogwatch\analogwatch\analogwatch\main.cpp(50): warning C4244: '=': 'int'에서 'float'(으)로 변환하면서 데이터가 손실될 수 있습니다.
d:\github\analogwatch\analogwatch\analogwatch\main.cpp(51): warning C4244: '=': 'int'에서 'float'(으)로 변환하면서 데이터가 손실될 수 있습니다.
d:\github\analogwatch\analogwatch\analogwatch\main.cpp(79): warning C4244: '=': 'double'에서 'int'(으)로 변환하면서 데이터가 손실될 수 있습니다.
d:\github\analogwatch\analogwatch\analogwatch\main.cpp(80): warning C4244: '=': 'double'에서 'int'(으)로 변환하면서 데이터가 손실될 수 있습니다.
d:\github\analogwatch\analogwatch\analogwatch\main.cpp(88): warning C4244: '=': 'double'에서 'int'(으)로 변환하면서 데이터가 손실될 수 있습니다.
d:\github\analogwatch\analogwatch\analogwatch\main.cpp(89): warning C4244: '=': 'double'에서 'int'(으)로 변환하면서 데이터가 손실될 수 있습니다.
d:\github\analogwatch\analogwatch\analogwatch\main.cpp(100): warning C4244: '초기화 중': 'double'에서 'int'(으)로 변환하면서 데이터가 손실될 수 있습니다.
d:\github\analogwatch\analogwatch\analogwatch\main.cpp(101): warning C4244: '초기화 중': 'double'에서 'int'(으)로 변환하면서 데이터가 손실될 수 있습니다.
d:\github\analogwatch\analogwatch\analogwatch\main.cpp(104): warning C4244: '초기화 중': 'double'에서 'int'(으)로 변환하면서 데이터가 손실될 수 있습니다.
d:\github\analogwatch\analogwatch\analogwatch\main.cpp(105): warning C4244: '초기화 중': 'double'에서 'int'(으)로 변환하면서 데이터가 손실될 수 있습니다.
d:\github\analogwatch\analogwatch\analogwatch\main.cpp(108): warning C4244: '초기화 중': 'double'에서 'int'(으)로 변환하면서 데이터가 손실될 수 있습니다.
d:\github\analogwatch\analogwatch\analogwatch\main.cpp(109): warning C4244: '초기화 중': 'double'에서 'int'(으)로 변환하면서 데이터가 손실될 수 있습니다.
  코드를 생성하고 있습니다.
  1 of 17 functions ( 5.9%) were compiled, the rest were copied from previous compilation.
    0 functions were new in current compilation
    0 functions had inline decision re-evaluated but remain unchanged
  코드를 생성했습니다.
  analogWatch.vcxproj -> D:\GitHub\analogWatch\analogWatch\x64\Release\analogWatch.exe
